[07-Dec-2016 18:08:52 UTC] PHP Warning:  curl_setopt(): supplied argument is not a valid File-Handle resource in C:\inetpub\wwwroot\wordpress\wp-content\plugins\site-metrics\Scan\ScanController.php on line 69
[07-Dec-2016 18:08:53 UTC] PHP Warning:  fseek() expects parameter 1 to be resource, boolean given in C:\inetpub\wwwroot\wordpress\wp-content\plugins\site-metrics\Scan\ScanController.php on line 75
[07-Dec-2016 18:08:53 UTC] PHP Warning:  fread() expects parameter 1 to be resource, boolean given in C:\inetpub\wwwroot\wordpress\wp-content\plugins\site-metrics\Scan\ScanController.php on line 76
[07-Dec-2016 18:08:53 UTC] PHP Warning:  curl_setopt(): supplied argument is not a valid File-Handle resource in C:\inetpub\wwwroot\wordpress\wp-content\plugins\site-metrics\Scan\Mobile\Scan_Responsiveness.php on line 82
[07-Dec-2016 18:08:53 UTC] PHP Warning:  curl_setopt(): supplied argument is not a valid File-Handle resource in C:\inetpub\wwwroot\wordpress\wp-content\plugins\site-metrics\Scan\Mobile\Scan_Responsiveness.php on line 82
[07-Dec-2016 18:08:53 UTC] PHP Warning:  curl_setopt(): supplied argument is not a valid File-Handle resource in C:\inetpub\wwwroot\wordpress\wp-content\plugins\site-metrics\Scan\Mobile\Scan_Responsiveness.php on line 82
[07-Dec-2016 18:09:45 UTC] PHP Notice:  Undefined index: email in C:\inetpub\wwwroot\wordpress\wp-content\plugins\site-metrics\SiteScan.php on line 22
[07-Dec-2016 18:09:45 UTC] PHP Warning:  curl_setopt(): supplied argument is not a valid File-Handle resource in C:\inetpub\wwwroot\wordpress\wp-content\plugins\site-metrics\Scan\ScanController.php on line 69
[07-Dec-2016 18:09:45 UTC] PHP Warning:  fseek() expects parameter 1 to be resource, boolean given in C:\inetpub\wwwroot\wordpress\wp-content\plugins\site-metrics\Scan\ScanController.php on line 75
[07-Dec-2016 18:09:45 UTC] PHP Warning:  fread() expects parameter 1 to be resource, boolean given in C:\inetpub\wwwroot\wordpress\wp-content\plugins\site-metrics\Scan\ScanController.php on line 76
[07-Dec-2016 18:11:05 UTC] PHP Notice:  Undefined index: email in C:\inetpub\wwwroot\wordpress\wp-content\plugins\site-metrics\SiteScan.php on line 22
[07-Dec-2016 18:11:05 UTC] PHP Warning:  curl_setopt(): supplied argument is not a valid File-Handle resource in C:\inetpub\wwwroot\wordpress\wp-content\plugins\site-metrics\Scan\ScanController.php on line 69
[07-Dec-2016 18:11:05 UTC] PHP Warning:  fseek() expects parameter 1 to be resource, boolean given in C:\inetpub\wwwroot\wordpress\wp-content\plugins\site-metrics\Scan\ScanController.php on line 75
[07-Dec-2016 18:11:05 UTC] PHP Warning:  fread() expects parameter 1 to be resource, boolean given in C:\inetpub\wwwroot\wordpress\wp-content\plugins\site-metrics\Scan\ScanController.php on line 76
[07-Dec-2016 18:12:09 UTC] PHP Notice:  Undefined index: email in C:\inetpub\wwwroot\wordpress\wp-content\plugins\site-metrics\SiteScan.php on line 22
[07-Dec-2016 18:12:10 UTC] PHP Warning:  curl_setopt(): supplied argument is not a valid File-Handle resource in C:\inetpub\wwwroot\wordpress\wp-content\plugins\site-metrics\Scan\ScanController.php on line 69
[07-Dec-2016 18:12:10 UTC] PHP Warning:  fseek() expects parameter 1 to be resource, boolean given in C:\inetpub\wwwroot\wordpress\wp-content\plugins\site-metrics\Scan\ScanController.php on line 75
[07-Dec-2016 18:12:10 UTC] PHP Warning:  fread() expects parameter 1 to be resource, boolean given in C:\inetpub\wwwroot\wordpress\wp-content\plugins\site-metrics\Scan\ScanController.php on line 76
[07-Dec-2016 18:14:58 UTC] PHP Notice:  Undefined index: email in C:\inetpub\wwwroot\wordpress\wp-content\plugins\site-metrics\SiteScan.php on line 22
[07-Dec-2016 18:14:58 UTC] PHP Warning:  curl_setopt(): supplied argument is not a valid File-Handle resource in C:\inetpub\wwwroot\wordpress\wp-content\plugins\site-metrics\Scan\ScanController.php on line 69
[07-Dec-2016 18:14:58 UTC] PHP Warning:  fseek() expects parameter 1 to be resource, boolean given in C:\inetpub\wwwroot\wordpress\wp-content\plugins\site-metrics\Scan\ScanController.php on line 75
[07-Dec-2016 18:14:58 UTC] PHP Warning:  fread() expects parameter 1 to be resource, boolean given in C:\inetpub\wwwroot\wordpress\wp-content\plugins\site-metrics\Scan\ScanController.php on line 76
[07-Dec-2016 18:15:40 UTC] PHP Notice:  Undefined index: email in C:\inetpub\wwwroot\wordpress\wp-content\plugins\site-metrics\SiteScan.php on line 22
[07-Dec-2016 18:15:40 UTC] PHP Warning:  curl_setopt(): supplied argument is not a valid File-Handle resource in C:\inetpub\wwwroot\wordpress\wp-content\plugins\site-metrics\Scan\ScanController.php on line 69
[07-Dec-2016 18:15:40 UTC] PHP Warning:  fseek() expects parameter 1 to be resource, boolean given in C:\inetpub\wwwroot\wordpress\wp-content\plugins\site-metrics\Scan\ScanController.php on line 75
[07-Dec-2016 18:15:40 UTC] PHP Warning:  fread() expects parameter 1 to be resource, boolean given in C:\inetpub\wwwroot\wordpress\wp-content\plugins\site-metrics\Scan\ScanController.php on line 76
[07-Dec-2016 18:18:03 UTC] PHP Notice:  Undefined index: email in C:\inetpub\wwwroot\wordpress\wp-content\plugins\site-metrics\SiteScan.php on line 22
[07-Dec-2016 18:18:03 UTC] PHP Warning:  curl_setopt(): supplied argument is not a valid File-Handle resource in C:\inetpub\wwwroot\wordpress\wp-content\plugins\site-metrics\Scan\ScanController.php on line 69
[07-Dec-2016 18:18:03 UTC] PHP Warning:  fseek() expects parameter 1 to be resource, boolean given in C:\inetpub\wwwroot\wordpress\wp-content\plugins\site-metrics\Scan\ScanController.php on line 75
[07-Dec-2016 18:18:03 UTC] PHP Warning:  fread() expects parameter 1 to be resource, boolean given in C:\inetpub\wwwroot\wordpress\wp-content\plugins\site-metrics\Scan\ScanController.php on line 76
